2018-10-03 19:04:04,546 FATAL   cn.edu.hust.learn_log4j2_01 - fatal msg
2018-10-03 19:04:04,561 ERROR   cn.edu.hust.learn_log4j2_01 - error msg
2018-10-03 19:04:04,562 WARN    cn.edu.hust.learn_log4j2_01 - warn msg
2018-10-03 19:04:04,563 INFO    cn.edu.hust.learn_log4j2_01 - info msg
2018-10-03 19:08:48,317 FATAL   cn.edu.hust.learn_log4j2_01 - fatal msg
2018-10-03 19:08:48,329 ERROR   cn.edu.hust.learn_log4j2_01 - error msg
2018-10-03 19:08:48,374 WARN    cn.edu.hust.learn_log4j2_01 - warn msg
2018-10-03 19:08:48,375 INFO    cn.edu.hust.learn_log4j2_01 - info msg
2018-10-03 19:08:48,376 DEBUG   cn.edu.hust.learn_log4j2_01 - debug msg
2018-10-03 19:08:48,377 TRACE   cn.edu.hust.learn_log4j2_01 - tarce msg
2018-10-03 19:09:15,647 FATAL   cn.edu.hust.learn_log4j2_01 - fatal msg
2018-10-03 19:09:15,658 ERROR   cn.edu.hust.learn_log4j2_01 - error msg
2018-10-03 19:09:15,660 WARN    cn.edu.hust.learn_log4j2_01 - warn msg
2018-10-03 19:09:15,660 INFO    cn.edu.hust.learn_log4j2_01 - info msg
2018-10-03 19:09:15,661 DEBUG   cn.edu.hust.learn_log4j2_01 - debug msg
2018-10-03 19:09:15,662 TRACE   cn.edu.hust.learn_log4j2_01 - tarce msg
2018-10-03 19:12:35,083 FATAL   cn.edu.hust.learn_log4j2_01 - fatal msg
2018-10-03 19:12:35,101 ERROR   cn.edu.hust.learn_log4j2_01 - error msg
2018-10-03 19:12:35,102 WARN    cn.edu.hust.learn_log4j2_01 - warn msg
2018-10-03 19:12:35,103 INFO    cn.edu.hust.learn_log4j2_01 - info msg
2018-10-03 19:12:35,103 DEBUG   cn.edu.hust.learn_log4j2_01 - debug msg
2018-10-03 19:12:35,104 TRACE   cn.edu.hust.learn_log4j2_01 - tarce msg
2018-10-03 19:40:38,161 FATAL   cn.edu.hust.learn_log4j2_01 - fatal msg
2018-10-03 19:40:38,177 ERROR   cn.edu.hust.learn_log4j2_01 - error msg
2018-10-03 19:40:38,178 WARN    cn.edu.hust.learn_log4j2_01 - warn msg
2018-10-03 19:40:38,179 INFO    cn.edu.hust.learn_log4j2_01 - info msg
2018-10-03 19:40:38,179 DEBUG   cn.edu.hust.learn_log4j2_01 - debug msg
2018-10-03 19:40:38,180 TRACE   cn.edu.hust.learn_log4j2_01 - tarce msg
2018-10-03 19:41:58,371 FATAL   cn.edu.hust.learn_log4j2_01 - fatal msg
2018-10-03 19:41:58,386 ERROR   cn.edu.hust.learn_log4j2_01 - error msg
2018-10-03 19:41:58,420 WARN    cn.edu.hust.learn_log4j2_01 - warn msg
2018-10-03 19:41:58,422 INFO    cn.edu.hust.learn_log4j2_01 - info msg
2018-10-03 19:41:58,424 DEBUG   cn.edu.hust.learn_log4j2_01 - debug msg
2018-10-03 19:41:58,425 TRACE   cn.edu.hust.learn_log4j2_01 - tarce msg
2018-10-03 19:43:29,714 FATAL   cn.edu.hust.learn_log4j2_01 - fatal msg
2018-10-03 19:43:29,735 ERROR   cn.edu.hust.learn_log4j2_01 - error msg
2018-10-03 19:43:29,737 WARN    cn.edu.hust.learn_log4j2_01 - warn msg
2018-10-03 19:43:29,738 INFO    cn.edu.hust.learn_log4j2_01 - info msg
2018-10-03 19:43:29,740 DEBUG   cn.edu.hust.learn_log4j2_01 - debug msg
2018-10-03 19:43:29,741 TRACE   cn.edu.hust.learn_log4j2_01 - tarce msg
2018-10-03 19:45:09,207 FATAL   cn.edu.hust.learn_log4j2_01 - fatal msg
2018-10-03 19:45:09,248 ERROR   cn.edu.hust.learn_log4j2_01 - error msg
2018-10-03 19:45:09,249 WARN    cn.edu.hust.learn_log4j2_01 - warn msg
2018-10-03 19:45:09,250 INFO    cn.edu.hust.learn_log4j2_01 - info msg
2018-10-03 19:45:09,251 DEBUG   cn.edu.hust.learn_log4j2_01 - debug msg
2018-10-03 19:45:09,252 TRACE   cn.edu.hust.learn_log4j2_01 - tarce msg
2018-10-03 19:46:10,677 FATAL   cn.edu.hust.learn_log4j2_01 - fatal msg
2018-10-03 19:46:10,693 ERROR   cn.edu.hust.learn_log4j2_01 - error msg
2018-10-03 19:46:10,694 WARN    cn.edu.hust.learn_log4j2_01 - warn msg
2018-10-03 19:46:10,695 INFO    cn.edu.hust.learn_log4j2_01 - info msg
2018-10-03 19:46:10,696 DEBUG   cn.edu.hust.learn_log4j2_01 - debug msg
2018-10-03 19:46:10,697 TRACE   cn.edu.hust.learn_log4j2_01 - tarce msg
2018-10-03 19:47:18,652 FATAL   cn.edu.hust.learn_log4j2_01 - fatal msg
2018-10-03 19:47:18,669 ERROR   cn.edu.hust.learn_log4j2_01 - error msg
2018-10-03 19:47:18,671 WARN    cn.edu.hust.learn_log4j2_01 - warn msg
2018-10-03 19:47:18,672 INFO    cn.edu.hust.learn_log4j2_01 - info msg
2018-10-03 19:47:18,674 DEBUG   cn.edu.hust.learn_log4j2_01 - debug msg
2018-10-03 19:47:18,675 TRACE   cn.edu.hust.learn_log4j2_01 - tarce msg
2018-10-03 19:47:51,481 FATAL   cn.edu.hust.learn_log4j2_01 - fatal msg
2018-10-03 19:47:51,497 ERROR   cn.edu.hust.learn_log4j2_01 - error msg
2018-10-03 19:47:51,498 WARN    cn.edu.hust.learn_log4j2_01 - warn msg
2018-10-03 19:47:51,499 INFO    cn.edu.hust.learn_log4j2_01 - info msg
2018-10-03 19:47:51,500 DEBUG   cn.edu.hust.learn_log4j2_01 - debug msg
2018-10-03 19:47:51,501 TRACE   cn.edu.hust.learn_log4j2_01 - tarce msg
2018-10-03 20:23:24,961 FATAL   cn.edu.hust.learn_log4j2_01 - fatal msg
2018-10-03 20:23:24,997 ERROR   cn.edu.hust.learn_log4j2_01 - error msg
2018-10-03 20:23:24,998 WARN    cn.edu.hust.learn_log4j2_01 - warn msg
2018-10-03 20:23:25,000 INFO    cn.edu.hust.learn_log4j2_01 - info msg
2018-10-03 20:23:25,002 DEBUG   cn.edu.hust.learn_log4j2_01 - debug msg
2018-10-03 20:23:25,003 TRACE   cn.edu.hust.learn_log4j2_01 - tarce msg
